<?xml version="1.0" encoding="UTF-8"?>
<robot generator="Robot 5.0.1 (Python 3.9.13 on win32)" generated="20230108 14:55:28.259" rpa="false" schemaversion="3">
<suite id="s1" name="Login" source="c:\Users\Ghazaleh\Desktop\testNew\AddressTest.robot\Login.robot">
<test id="s1-t1" name="Checking Login Password" line="13">
<kw name="Create List" library="BuiltIn">
<var>${auth}</var>
<arg>09302828801</arg>
<arg>Zahra100%</arg>
<doc>Returns a list containing given items.</doc>
<msg timestamp="20230108 14:55:28.889" level="INFO">${auth} = ['09302828801', 'Zahra100%']</msg>
<status status="PASS" starttime="20230108 14:55:28.888" endtime="20230108 14:55:28.891"/>
</kw>
<kw name="Create Session" library="RequestsLibrary">
<arg>session</arg>
<arg>${base_url}</arg>
<doc>Create Session: create a HTTP session to a server</doc>
<msg timestamp="20230108 14:55:28.893" level="INFO">Creating Session using : alias=session, url=https://devapi.aasood.com/customer/api/v1/, headers={},                     cookies={}, auth=None, timeout=None, proxies=None, verify=False,                     debug=0 </msg>
<status status="PASS" starttime="20230108 14:55:28.892" endtime="20230108 14:55:28.893"/>
</kw>
<kw name="Post Request" library="RequestsLibrary">
<var>${response}</var>
<arg>session</arg>
<arg>/auth/login/password</arg>
<doc>*DEPRECATED* Please use `POST On Session` instead.</doc>
<msg timestamp="20230108 14:55:28.894" level="WARN">Keyword 'RequestsLibrary.Post Request' is deprecated. Please use `POST On Session` instead.</msg>
<msg timestamp="20230108 14:55:29.074" level="INFO">POST Request : url=https://devapi.aasood.com/customer/api/v1/auth/login/password (redirected) 
 path_url=/customer/api/v1/auth/login/password 
 headers={'User-Agent': 'python-requests/2.28.1', 'Accept-Encoding': 'gzip, deflate', 'Accept': '*/*', 'Connection': 'keep-alive', 'Content-Length': '0'} 
 body=None 
 </msg>
<msg timestamp="20230108 14:55:29.075" level="INFO">GET Response : url=https://devapi.aasood.com/customer/api/v1/auth/login/password/ 
 status=200, reason=OK 
 headers={'Server': 'ArvanCloud', 'Date': 'Sun, 08 Jan 2023 11:25:28 GMT', 'Content-Type': 'application/json', 'Transfer-Encoding': 'chunked', 'Connection': 'keep-alive', 'Keep-Alive': 'timeout=65', 'Vary': 'Accept-Encoding', 'access-control-allow-origin': '*', 'access-control-max-age': '3600', 'access-control-expose-headers': '*', 'access-control-allow-methods': 'GET, POST, OPTIONS, PUT, DELETE', 'access-control-allow-headers': '*', 'Expires': 'Sun, 08 Jan 2023 11:25:28 GMT', 'Cache-Control': 'max-age=0', 'X-XSS-Protection': '1; mode=block', 'AR-SID': '2054', 'AR-ATIME': '0.016', 'AR-CACHE': 'BYPASS', 'AR-Request-ID': '0c940cb44e456af007491b9772e6aed8', 'Content-Encoding': 'gzip'} 
 body={"customerPhoneNumber":{"title":"شماره موبایل","description":"phone number must be string and len 11 character","name":"customerPhoneNumber","placeholder":"09371654426","minLength":11,"maxLength":11,"dataType":"string","type":"string","isRquired":true,"regexPattern":"^09[0-9]{9}$"},"customerType":{"title":"نوع مشتری","name":"customerType","minLength":1,"maxLength":4,"dataType":"string","type":"hidden","regexPattern":"","isRquired":false,"allOf":[{"$ref":"#/definitions/CustomerType"}]},"customerPassword":{"title":"رمز عبور","description":"password must be string and len between 8 and 32 character","name":"customerPassword","placeholder":"qwer1234QWER","minLength":8,"maxLength":32,"dataType":"string","type":"string","isRquired":true,"regexPattern":"^([a-zA-Z0-9'!#$%&amp;'*+/=?^_`{|}~.-]{6,32})"}} 
 </msg>
<msg timestamp="20230108 14:55:29.075" level="INFO">c:\ProgramData\robocorp\ht\dd59308_b1f3c24_1c0bc041\lib\site-packages\urllib3\connectionpool.py:1045: InsecureRequestWarning: Unverified HTTPS request is being made to host 'devapi.aasood.com'. Adding certificate verification is strongly advised. See: https://urllib3.readthedocs.io/en/1.26.x/advanced-usage.html#ssl-warnings
  warnings.warn(
c:\ProgramData\robocorp\ht\dd59308_b1f3c24_1c0bc041\lib\site-packages\urllib3\connectionpool.py:1045: InsecureRequestWarning: Unverified HTTPS request is being made to host 'devapi.aasood.com'. Adding certificate verification is strongly advised. See: https://urllib3.readthedocs.io/en/1.26.x/advanced-usage.html#ssl-warnings
  warnings.warn(</msg>
<msg timestamp="20230108 14:55:29.077" level="INFO">${response} = &lt;Response [200]&gt;</msg>
<status status="PASS" starttime="20230108 14:55:28.894" endtime="20230108 14:55:29.078"/>
</kw>
<kw name="Log To Console" library="BuiltIn">
<arg>{response.content}</arg>
<doc>Logs the given message to the console.</doc>
<status status="PASS" starttime="20230108 14:55:29.079" endtime="20230108 14:55:29.080"/>
</kw>
<kw name="Log To Console" library="BuiltIn">
<arg>{response.status_code}</arg>
<doc>Logs the given message to the console.</doc>
<status status="PASS" starttime="20230108 14:55:29.081" endtime="20230108 14:55:29.083"/>
</kw>
<kw name="To Json" library="RequestsLibrary">
<var>${a}</var>
<arg>${response.content}</arg>
<doc>*DEPRECATED* Please use ${resp.json()} instead. Have a look at the improved HTML output as pretty printing replacement.</doc>
<msg timestamp="20230108 14:55:29.084" level="WARN">Keyword 'RequestsLibrary.To Json' is deprecated. Please use ${resp.json()} instead. Have a look at the improved HTML output as pretty printing replacement.</msg>
<msg timestamp="20230108 14:55:29.087" level="INFO">To JSON using : content={"customerPhoneNumber":{"title":"شماره موبایل","description":"phone number must be string and len 11 character","name":"customerPhoneNumber","placeholder":"09371654426","minLength":11,"maxLength":11,"dataType":"string","type":"string","isRquired":true,"regexPattern":"^09[0-9]{9}$"},"customerType":{"title":"نوع مشتری","name":"customerType","minLength":1,"maxLength":4,"dataType":"string","type":"hidden","regexPattern":"","isRquired":false,"allOf":[{"$ref":"#/definitions/CustomerType"}]},"customerPassword":{"title":"رمز عبور","description":"password must be string and len between 8 and 32 character","name":"customerPassword","placeholder":"qwer1234QWER","minLength":8,"maxLength":32,"dataType":"string","type":"string","isRquired":true,"regexPattern":"^([a-zA-Z0-9'!#$%&amp;'*+/=?^_`{|}~.-]{6,32})"}} </msg>
<msg timestamp="20230108 14:55:29.087" level="INFO">To JSON using : pretty_print=False </msg>
<msg timestamp="20230108 14:55:29.088" level="INFO">${a} = {'customerPhoneNumber': {'title': 'شماره موبایل', 'description': 'phone number must be string and len 11 character', 'name': 'customerPhoneNumber', 'placeholder': '09371654426', 'minLength': 11, 'maxL...</msg>
<status status="PASS" starttime="20230108 14:55:29.084" endtime="20230108 14:55:29.088"/>
</kw>
<kw name="Log To Console" library="BuiltIn">
<arg>{a}</arg>
<doc>Logs the given message to the console.</doc>
<status status="PASS" starttime="20230108 14:55:29.089" endtime="20230108 14:55:29.090"/>
</kw>
<status status="PASS" starttime="20230108 14:55:28.887" endtime="20230108 14:55:29.090"/>
</test>
<status status="PASS" starttime="20230108 14:55:28.266" endtime="20230108 14:55:29.093"/>
</suite>
<statistics>
<total>
<stat pass="1" fail="0" skip="0">All Tests</stat>
</total>
<tag>
</tag>
<suite>
<stat pass="1" fail="0" skip="0" id="s1" name="Login">Login</stat>
</suite>
</statistics>
<errors>
<msg timestamp="20230108 14:55:28.894" level="WARN">Keyword 'RequestsLibrary.Post Request' is deprecated. Please use `POST On Session` instead.</msg>
<msg timestamp="20230108 14:55:29.084" level="WARN">Keyword 'RequestsLibrary.To Json' is deprecated. Please use ${resp.json()} instead. Have a look at the improved HTML output as pretty printing replacement.</msg>
</errors>
</robot>
